<html>
<head>
<title>TestNG:  Default test</title>
<link href="../testng.css" rel="stylesheet" type="text/css" />
<link href="../my-testng.css" rel="stylesheet" type="text/css" />

<style type="text/css">
.log { display: none;} 
.stack-trace { display: none;} 
</style>
<script type="text/javascript">
<!--
function flip(e) {
  current = e.style.display;
  if (current == 'block') {
    e.style.display = 'none';
    return 0;
  }
  else {
    e.style.display = 'block';
    return 1;
  }
}

function toggleBox(szDivId, elem, msg1, msg2)
{
  var res = -1;  if (document.getElementById) {
    res = flip(document.getElementById(szDivId));
  }
  else if (document.all) {
    // this is the way old msie versions work
    res = flip(document.all[szDivId]);
  }
  if(elem) {
    if(res == 0) elem.innerHTML = msg1; else elem.innerHTML = msg2;
  }

}

function toggleAllBoxes() {
  if (document.getElementsByTagName) {
    d = document.getElementsByTagName('div');
    for (i = 0; i < d.length; i++) {
      if (d[i].className == 'log') {
        flip(d[i]);
      }
    }
  }
}

// -->
</script>

</head>
<body>
<h2 align='center'>Default test</h2><table border='1' align="center">
<tr>
<td>Tests passed/Failed/Skipped:</td><td>1/1/0</td>
</tr><tr>
<td>Started on:</td><td>Thu Nov 03 17:06:00 IST 2022</td>
</tr>
<tr><td>Total time:</td><td>30 seconds (30556 ms)</td>
</tr><tr>
<td>Included groups:</td><td></td>
</tr><tr>
<td>Excluded groups:</td><td></td>
</tr>
</table><p/>
<small><i>(Hover the method name to see the test class name)</i></small><p/>
<table width='100%' border='1' class='invocation-failed'>
<tr><td colspan='4' align='center'><b>FAILED TESTS</b></td></tr>
<tr><td><b>Test method</b></td>
<td width="30%"><b>Exception</b></td>
<td width="10%"><b>Time (seconds)</b></td>
<td><b>Instance</b></td>
</tr>
<tr>
<td title='runner.test_runner.runScenario()'><b>runScenario</b><br>Test class: runner.test_runner<br>Test method: Runs Cucumber Scenarios<br>Parameters: "To Test login functionality with valid data", "Optional[Test skillrary]"</td>
<td><div><pre>java.lang.AssertionError: expected [SkillRary Courses] but found [SkillRary Ecommerce]
	at org.testng.Assert.fail(Assert.java:94)
	at org.testng.Assert.failNotEquals(Assert.java:513)
	at org.testng.Assert.assertEqualsImpl(Assert.java:135)
	at org.testng.Assert.assertEquals(Assert.java:116)
	at org.testng.Assert.assertEquals(Assert.java:190)
	at org.testng.Assert.assertEquals(Assert.java:200)
	at definition.step_definition.i_should_see_the_username_as(step_definition.java:60)
	at ✽.I should see the username as &quot;SkillRary Ecommerce&quot;(file:///C:/Users/LENOVO/Documents/workspace-spring-tool-suite-4-4.16.0.RELEASE/cucumber2/src/test/resources/login/login.feature:11)
</pre></div><a href='#' onClick='toggleBox("stack-trace2008619427", this, "Click to show all stack frames", "Click to hide stack frames")'>Click to show all stack frames</a>
<div class='stack-trace' id='stack-trace2008619427'><pre>java.lang.AssertionError: expected [SkillRary Courses] but found [SkillRary Ecommerce]
	at org.testng.Assert.fail(Assert.java:94)
	at org.testng.Assert.failNotEquals(Assert.java:513)
	at org.testng.Assert.assertEqualsImpl(Assert.java:135)
	at org.testng.Assert.assertEquals(Assert.java:116)
	at org.testng.Assert.assertEquals(Assert.java:190)
	at org.testng.Assert.assertEquals(Assert.java:200)
	at definition.step_definition.i_should_see_the_username_as(step_definition.java:60)
	at ✽.I should see the username as &quot;SkillRary Ecommerce&quot;(file:///C:/Users/LENOVO/Documents/workspace-spring-tool-suite-4-4.16.0.RELEASE/cucumber2/src/test/resources/login/login.feature:11)
</pre></div></td>
<td>15</td>
<td>runner.test_runner@7393222f</td></tr>
</table><p>
<table width='100%' border='1' class='invocation-passed'>
<tr><td colspan='4' align='center'><b>PASSED TESTS</b></td></tr>
<tr><td><b>Test method</b></td>
<td width="30%"><b>Exception</b></td>
<td width="10%"><b>Time (seconds)</b></td>
<td><b>Instance</b></td>
</tr>
<tr>
<td title='runner.test_runner.runScenario()'><b>runScenario</b><br>Test class: runner.test_runner<br>Test method: Runs Cucumber Scenarios<br>Parameters: "To Test login functionality with valid data", "Optional[Test skillrary]"</td>
<td></td>
<td>13</td>
<td>runner.test_runner@7393222f</td></tr>
</table><p>
</body>
</html>